2023-07-26 14:51:52,690 DEBUG    root            Loaded Command Group: ['gcloud', 'components']
2023-07-26 14:51:52,691 DEBUG    root            Loaded Command Group: ['gcloud', 'components', 'install']
2023-07-26 14:51:52,692 DEBUG    root            Running [gcloud.components.install] with arguments: [--quiet: "True", COMPONENT-IDS:1: "['kubectl']"]
2023-07-26 14:51:52,725 DEBUG    urllib3.connectionpool Starting new HTTPS connection (1): dl.google.com:443
2023-07-26 14:51:52,979 DEBUG    urllib3.connectionpool https://dl.google.com:443 "GET /dl/cloudsdk/channels/rapid/components-v370.0.0.json HTTP/1.1" 200 178393
2023-07-26 14:51:53,236 WARNING  root            The ARM versions of the following components are not available yet, using x86_64 versions instead: [kubectl].
2023-07-26 14:51:53,237 INFO     ___FILE_ONLY___ 

2023-07-26 14:51:53,238 INFO     ___FILE_ONLY___ 
Your current Cloud SDK version is: 370.0.0

2023-07-26 14:51:53,238 INFO     ___FILE_ONLY___ Installing components from version: 370.0.0

2023-07-26 14:51:53,238 INFO     ___FILE_ONLY___ 

2023-07-26 14:51:53,242 INFO     ___FILE_ONLY___ ┌─────────────────────────────────────────────┐
2023-07-26 14:51:53,243 INFO     ___FILE_ONLY___ 

2023-07-26 14:51:53,243 INFO     ___FILE_ONLY___ │     These components will be installed.     │
2023-07-26 14:51:53,243 INFO     ___FILE_ONLY___ 

2023-07-26 14:51:53,243 INFO     ___FILE_ONLY___ ├────────────────────────┬─────────┬──────────┤
2023-07-26 14:51:53,243 INFO     ___FILE_ONLY___ 

2023-07-26 14:51:53,243 INFO     ___FILE_ONLY___ │          Name          │ Version │   Size   │
2023-07-26 14:51:53,243 INFO     ___FILE_ONLY___ 

2023-07-26 14:51:53,243 INFO     ___FILE_ONLY___ ├────────────────────────┼─────────┼──────────┤
2023-07-26 14:51:53,243 INFO     ___FILE_ONLY___ 

2023-07-26 14:51:53,243 INFO     ___FILE_ONLY___ │ 
2023-07-26 14:51:53,243 INFO     ___FILE_ONLY___ gke-gcloud-auth-plugin
2023-07-26 14:51:53,243 INFO     ___FILE_ONLY___  
2023-07-26 14:51:53,243 INFO     ___FILE_ONLY___ │ 
2023-07-26 14:51:53,243 INFO     ___FILE_ONLY___   0.1.1
2023-07-26 14:51:53,243 INFO     ___FILE_ONLY___  
2023-07-26 14:51:53,243 INFO     ___FILE_ONLY___ │ 
2023-07-26 14:51:53,243 INFO     ___FILE_ONLY___  3.3 MiB
2023-07-26 14:51:53,244 INFO     ___FILE_ONLY___  
2023-07-26 14:51:53,244 INFO     ___FILE_ONLY___ │
2023-07-26 14:51:53,244 INFO     ___FILE_ONLY___ 

2023-07-26 14:51:53,244 INFO     ___FILE_ONLY___ │ 
2023-07-26 14:51:53,244 INFO     ___FILE_ONLY___ kubectl               
2023-07-26 14:51:53,244 INFO     ___FILE_ONLY___  
2023-07-26 14:51:53,244 INFO     ___FILE_ONLY___ │ 
2023-07-26 14:51:53,244 INFO     ___FILE_ONLY___  1.20.8
2023-07-26 14:51:53,244 INFO     ___FILE_ONLY___  
2023-07-26 14:51:53,244 INFO     ___FILE_ONLY___ │ 
2023-07-26 14:51:53,244 INFO     ___FILE_ONLY___ 89.0 MiB
2023-07-26 14:51:53,244 INFO     ___FILE_ONLY___  
2023-07-26 14:51:53,244 INFO     ___FILE_ONLY___ │
2023-07-26 14:51:53,244 INFO     ___FILE_ONLY___ 

2023-07-26 14:51:53,244 INFO     ___FILE_ONLY___ │ 
2023-07-26 14:51:53,244 INFO     ___FILE_ONLY___ kubectl               
2023-07-26 14:51:53,244 INFO     ___FILE_ONLY___  
2023-07-26 14:51:53,244 INFO     ___FILE_ONLY___ │ 
2023-07-26 14:51:53,244 INFO     ___FILE_ONLY___  1.20.8
2023-07-26 14:51:53,244 INFO     ___FILE_ONLY___  
2023-07-26 14:51:53,244 INFO     ___FILE_ONLY___ │ 
2023-07-26 14:51:53,244 INFO     ___FILE_ONLY___  < 1 MiB
2023-07-26 14:51:53,244 INFO     ___FILE_ONLY___  
2023-07-26 14:51:53,245 INFO     ___FILE_ONLY___ │
2023-07-26 14:51:53,245 INFO     ___FILE_ONLY___ 

2023-07-26 14:51:53,245 INFO     ___FILE_ONLY___ └────────────────────────┴─────────┴──────────┘
2023-07-26 14:51:53,245 INFO     ___FILE_ONLY___ 

2023-07-26 14:51:53,245 INFO     ___FILE_ONLY___ 

2023-07-26 14:51:53,248 DEBUG    urllib3.connectionpool Starting new HTTPS connection (1): dl.google.com:443
2023-07-26 14:51:53,695 DEBUG    urllib3.connectionpool https://dl.google.com:443 "GET /dl/cloudsdk/channels/rapid/RELEASE_NOTES HTTP/1.1" 200 1044366
2023-07-26 14:51:54,265 INFO     ___FILE_ONLY___ For the latest full release notes, please visit:
  https://cloud.google.com/sdk/release_notes


2023-07-26 14:51:54,266 INFO     ___FILE_ONLY___ ╔════════════════════════════════════════════════════════════╗

2023-07-26 14:51:54,266 INFO     ___FILE_ONLY___ ╠═ Creating update staging area                             ═╣

2023-07-26 14:51:54,266 INFO     ___FILE_ONLY___ ╚
2023-07-26 14:51:54,266 INFO     ___FILE_ONLY___ ══════
2023-07-26 14:51:54,266 INFO     ___FILE_ONLY___ ══════
2023-07-26 14:51:54,266 INFO     ___FILE_ONLY___ ══════
2023-07-26 14:51:54,429 INFO     ___FILE_ONLY___ ═
2023-07-26 14:51:54,484 INFO     ___FILE_ONLY___ ═
2023-07-26 14:51:54,568 INFO     ___FILE_ONLY___ ═
2023-07-26 14:51:54,640 INFO     ___FILE_ONLY___ ═
2023-07-26 14:51:54,748 INFO     ___FILE_ONLY___ ═
2023-07-26 14:51:54,861 INFO     ___FILE_ONLY___ ═
2023-07-26 14:51:54,959 INFO     ___FILE_ONLY___ ═
2023-07-26 14:51:55,024 INFO     ___FILE_ONLY___ ═
2023-07-26 14:51:55,097 INFO     ___FILE_ONLY___ ═
2023-07-26 14:51:55,223 INFO     ___FILE_ONLY___ ═
2023-07-26 14:51:55,291 INFO     ___FILE_ONLY___ ═
2023-07-26 14:51:55,357 INFO     ___FILE_ONLY___ ═
2023-07-26 14:51:55,404 INFO     ___FILE_ONLY___ ═
2023-07-26 14:51:55,453 INFO     ___FILE_ONLY___ ═
2023-07-26 14:51:55,504 INFO     ___FILE_ONLY___ ═
2023-07-26 14:51:55,559 INFO     ___FILE_ONLY___ ═
2023-07-26 14:51:55,612 INFO     ___FILE_ONLY___ ═
2023-07-26 14:51:55,668 INFO     ___FILE_ONLY___ ═
2023-07-26 14:51:55,730 INFO     ___FILE_ONLY___ ═
2023-07-26 14:51:55,785 INFO     ___FILE_ONLY___ ═
2023-07-26 14:51:55,846 INFO     ___FILE_ONLY___ ═
2023-07-26 14:51:55,905 INFO     ___FILE_ONLY___ ═
2023-07-26 14:51:55,968 INFO     ___FILE_ONLY___ ═
2023-07-26 14:51:56,057 INFO     ___FILE_ONLY___ ═
2023-07-26 14:51:56,128 INFO     ___FILE_ONLY___ ═
2023-07-26 14:51:56,195 INFO     ___FILE_ONLY___ ═
2023-07-26 14:51:56,270 INFO     ___FILE_ONLY___ ═
2023-07-26 14:51:56,339 INFO     ___FILE_ONLY___ ═
2023-07-26 14:51:56,413 INFO     ___FILE_ONLY___ ═
2023-07-26 14:51:56,502 INFO     ___FILE_ONLY___ ═
2023-07-26 14:51:56,569 INFO     ___FILE_ONLY___ ═
2023-07-26 14:51:56,631 INFO     ___FILE_ONLY___ ═
2023-07-26 14:51:56,699 INFO     ___FILE_ONLY___ ═
2023-07-26 14:51:56,784 INFO     ___FILE_ONLY___ ═
2023-07-26 14:51:56,876 INFO     ___FILE_ONLY___ ═
2023-07-26 14:51:57,039 INFO     ___FILE_ONLY___ ═
2023-07-26 14:51:57,074 INFO     ___FILE_ONLY___ ═
2023-07-26 14:51:57,105 INFO     ___FILE_ONLY___ ═
2023-07-26 14:51:57,132 INFO     ___FILE_ONLY___ ═
2023-07-26 14:51:57,156 INFO     ___FILE_ONLY___ ═
2023-07-26 14:51:57,183 INFO     ___FILE_ONLY___ ═
2023-07-26 14:51:57,257 INFO     ___FILE_ONLY___ ═
2023-07-26 14:51:57,257 INFO     ___FILE_ONLY___ ╝

2023-07-26 14:51:57,503 INFO     ___FILE_ONLY___ ╔════════════════════════════════════════════════════════════╗

2023-07-26 14:51:57,504 INFO     ___FILE_ONLY___ ╠═ Installing: gke-gcloud-auth-plugin                       ═╣

2023-07-26 14:51:57,504 INFO     ___FILE_ONLY___ ╚
2023-07-26 14:51:57,505 DEBUG    urllib3.connectionpool Starting new HTTPS connection (1): dl.google.com:443
2023-07-26 14:51:58,124 DEBUG    urllib3.connectionpool https://dl.google.com:443 "GET /dl/cloudsdk/channels/rapid/components/google-cloud-sdk-gke-gcloud-auth-plugin-darwin-arm-20210827135444.tar.gz HTTP/1.1" 200 3477821
2023-07-26 14:52:00,275 INFO     ___FILE_ONLY___ ═
2023-07-26 14:52:00,275 INFO     ___FILE_ONLY___ ═
2023-07-26 14:52:00,276 INFO     ___FILE_ONLY___ ═
2023-07-26 14:52:00,276 INFO     ___FILE_ONLY___ ═
2023-07-26 14:52:00,276 INFO     ___FILE_ONLY___ ═
2023-07-26 14:52:00,276 INFO     ___FILE_ONLY___ ═
2023-07-26 14:52:00,276 INFO     ___FILE_ONLY___ ═
2023-07-26 14:52:00,277 INFO     ___FILE_ONLY___ ═
2023-07-26 14:52:00,277 INFO     ___FILE_ONLY___ ═
2023-07-26 14:52:00,277 INFO     ___FILE_ONLY___ ═
2023-07-26 14:52:00,277 INFO     ___FILE_ONLY___ ═
2023-07-26 14:52:00,277 INFO     ___FILE_ONLY___ ═
2023-07-26 14:52:00,278 INFO     ___FILE_ONLY___ ═
2023-07-26 14:52:00,278 INFO     ___FILE_ONLY___ ═
2023-07-26 14:52:00,278 INFO     ___FILE_ONLY___ ═
2023-07-26 14:52:00,279 INFO     ___FILE_ONLY___ ═
2023-07-26 14:52:00,279 INFO     ___FILE_ONLY___ ═
2023-07-26 14:52:00,279 INFO     ___FILE_ONLY___ ═
2023-07-26 14:52:00,279 INFO     ___FILE_ONLY___ ═
2023-07-26 14:52:00,279 INFO     ___FILE_ONLY___ ═
2023-07-26 14:52:00,280 INFO     ___FILE_ONLY___ ═
2023-07-26 14:52:00,280 INFO     ___FILE_ONLY___ ═
2023-07-26 14:52:00,280 INFO     ___FILE_ONLY___ ═
2023-07-26 14:52:00,280 INFO     ___FILE_ONLY___ ═
2023-07-26 14:52:00,280 INFO     ___FILE_ONLY___ ═
2023-07-26 14:52:00,281 INFO     ___FILE_ONLY___ ═
2023-07-26 14:52:00,281 INFO     ___FILE_ONLY___ ═
2023-07-26 14:52:00,281 INFO     ___FILE_ONLY___ ═
2023-07-26 14:52:00,281 INFO     ___FILE_ONLY___ ═
2023-07-26 14:52:00,281 INFO     ___FILE_ONLY___ ═
2023-07-26 14:52:00,359 INFO     ___FILE_ONLY___ ══════════════════════════════
2023-07-26 14:52:00,359 INFO     ___FILE_ONLY___ ╝

2023-07-26 14:52:00,361 INFO     ___FILE_ONLY___ ╔════════════════════════════════════════════════════════════╗

2023-07-26 14:52:00,361 INFO     ___FILE_ONLY___ ╠═ Installing: gke-gcloud-auth-plugin                       ═╣

2023-07-26 14:52:00,361 INFO     ___FILE_ONLY___ ╚
2023-07-26 14:52:00,362 INFO     ___FILE_ONLY___ ════════════════════════════════════════════════════════════
2023-07-26 14:52:00,362 INFO     ___FILE_ONLY___ ╝

2023-07-26 14:52:00,362 INFO     ___FILE_ONLY___ ╔════════════════════════════════════════════════════════════╗

2023-07-26 14:52:00,362 INFO     ___FILE_ONLY___ ╠═ Installing: kubectl                                      ═╣

2023-07-26 14:52:00,362 INFO     ___FILE_ONLY___ ╚
2023-07-26 14:52:00,364 DEBUG    urllib3.connectionpool Starting new HTTPS connection (1): dl.google.com:443
2023-07-26 14:52:00,778 DEBUG    urllib3.connectionpool https://dl.google.com:443 "GET /dl/cloudsdk/channels/rapid/components/google-cloud-sdk-kubectl-darwin-x86_64-20210917183454.tar.gz HTTP/1.1" 200 93352856
2023-07-26 14:52:47,502 INFO     ___FILE_ONLY___ ═
2023-07-26 14:52:47,504 INFO     ___FILE_ONLY___ ═
2023-07-26 14:52:47,506 INFO     ___FILE_ONLY___ ═
2023-07-26 14:52:47,509 INFO     ___FILE_ONLY___ ═
2023-07-26 14:52:47,511 INFO     ___FILE_ONLY___ ═
2023-07-26 14:52:47,513 INFO     ___FILE_ONLY___ ═
2023-07-26 14:52:47,515 INFO     ___FILE_ONLY___ ═
2023-07-26 14:52:47,517 INFO     ___FILE_ONLY___ ═
2023-07-26 14:52:47,519 INFO     ___FILE_ONLY___ ═
2023-07-26 14:52:47,521 INFO     ___FILE_ONLY___ ═
2023-07-26 14:52:47,523 INFO     ___FILE_ONLY___ ═
2023-07-26 14:52:47,525 INFO     ___FILE_ONLY___ ═
2023-07-26 14:52:47,527 INFO     ___FILE_ONLY___ ═
2023-07-26 14:52:47,528 INFO     ___FILE_ONLY___ ═
2023-07-26 14:52:47,530 INFO     ___FILE_ONLY___ ═
2023-07-26 14:52:47,532 INFO     ___FILE_ONLY___ ═
2023-07-26 14:52:47,533 INFO     ___FILE_ONLY___ ═
2023-07-26 14:52:47,535 INFO     ___FILE_ONLY___ ═
2023-07-26 14:52:47,536 INFO     ___FILE_ONLY___ ═
2023-07-26 14:52:47,538 INFO     ___FILE_ONLY___ ═
2023-07-26 14:52:47,539 INFO     ___FILE_ONLY___ ═
2023-07-26 14:52:47,540 INFO     ___FILE_ONLY___ ═
2023-07-26 14:52:47,542 INFO     ___FILE_ONLY___ ═
2023-07-26 14:52:47,544 INFO     ___FILE_ONLY___ ═
2023-07-26 14:52:47,545 INFO     ___FILE_ONLY___ ═
2023-07-26 14:52:47,547 INFO     ___FILE_ONLY___ ═
2023-07-26 14:52:47,548 INFO     ___FILE_ONLY___ ═
2023-07-26 14:52:47,549 INFO     ___FILE_ONLY___ ═
2023-07-26 14:52:47,551 INFO     ___FILE_ONLY___ ═
2023-07-26 14:52:47,552 INFO     ___FILE_ONLY___ ═
2023-07-26 14:52:48,479 INFO     ___FILE_ONLY___ ════
2023-07-26 14:52:48,618 INFO     ___FILE_ONLY___ ════
2023-07-26 14:52:48,762 INFO     ___FILE_ONLY___ ════
2023-07-26 14:52:48,903 INFO     ___FILE_ONLY___ ═════
2023-07-26 14:52:49,029 INFO     ___FILE_ONLY___ ════
2023-07-26 14:52:49,175 INFO     ___FILE_ONLY___ ════
2023-07-26 14:52:49,321 INFO     ___FILE_ONLY___ ═════
2023-07-26 14:52:49,321 INFO     ___FILE_ONLY___ ╝

2023-07-26 14:52:49,326 INFO     ___FILE_ONLY___ ╔════════════════════════════════════════════════════════════╗

2023-07-26 14:52:49,326 INFO     ___FILE_ONLY___ ╠═ Installing: kubectl                                      ═╣

2023-07-26 14:52:49,326 INFO     ___FILE_ONLY___ ╚
2023-07-26 14:52:49,328 DEBUG    urllib3.connectionpool Starting new HTTPS connection (1): dl.google.com:443
2023-07-26 14:52:49,827 DEBUG    urllib3.connectionpool https://dl.google.com:443 "GET /dl/cloudsdk/channels/rapid/components/google-cloud-sdk-kubectl-20210917183454.tar.gz HTTP/1.1" 200 46993
2023-07-26 14:52:49,915 INFO     ___FILE_ONLY___ ══════════
2023-07-26 14:52:49,915 INFO     ___FILE_ONLY___ ══════════
2023-07-26 14:52:49,915 INFO     ___FILE_ONLY___ ══════════
2023-07-26 14:52:49,922 INFO     ___FILE_ONLY___ ══════════════════════════════
2023-07-26 14:52:49,923 INFO     ___FILE_ONLY___ ╝

2023-07-26 14:52:49,932 INFO     ___FILE_ONLY___ ╔════════════════════════════════════════════════════════════╗

2023-07-26 14:52:49,932 INFO     ___FILE_ONLY___ ╠═ Creating backup and activating new installation          ═╣

2023-07-26 14:52:49,932 INFO     ___FILE_ONLY___ ╚
2023-07-26 14:52:49,932 DEBUG    root            Attempting to move directory [/Users/johnbauer/.afx/dl.google.com/dl/cloudsdk/channels/rapid/downloads/google-cloud-sdk] to [/Users/johnbauer/.afx/dl.google.com/dl/cloudsdk/channels/rapid/downloads/google-cloud-sdk.staging/.install/.backup]
2023-07-26 14:52:49,933 INFO     ___FILE_ONLY___ ══════════════════════════════
2023-07-26 14:52:49,934 DEBUG    root            Attempting to move directory [/Users/johnbauer/.afx/dl.google.com/dl/cloudsdk/channels/rapid/downloads/google-cloud-sdk.staging] to [/Users/johnbauer/.afx/dl.google.com/dl/cloudsdk/channels/rapid/downloads/google-cloud-sdk]
2023-07-26 14:52:49,934 INFO     ___FILE_ONLY___ ══════════════════════════════
2023-07-26 14:52:49,934 INFO     ___FILE_ONLY___ ╝

2023-07-26 14:52:49,942 DEBUG    root            Updating notification cache...
2023-07-26 14:52:49,943 INFO     ___FILE_ONLY___ 

2023-07-26 14:52:49,943 INFO     ___FILE_ONLY___ Performing post processing steps...
2023-07-26 14:52:49,943 DEBUG    root            Executing command: ['/opt/homebrew/bin/python3', '-S', '/Users/johnbauer/.afx/dl.google.com/dl/cloudsdk/channels/rapid/downloads/google-cloud-sdk/lib/gcloud.py', 'components', 'post-process']
2023-07-26 14:52:59,617 DEBUG    ___FILE_ONLY___ 
2023-07-26 14:52:59,618 DEBUG    ___FILE_ONLY___ 
2023-07-26 14:52:59,786 INFO     ___FILE_ONLY___ 
Update done!


2023-07-26 14:52:59,791 WARNING  root              There are other instances of Google Cloud tools on your system PATH.
  Please remove the following to avoid confusion or accidental invocation:

  /Applications/Docker.app/Contents/Resources/bin/kubectl

  
2023-07-26 14:52:59,793 INFO     root            Display format: "none"
